<?xml version="1.0" encoding="UTF-8"?>
<testsuite xmlns:xsi="http://www.w3.org/2001/XMLSchema-instance" xsi:noNamespaceSchemaLocation="https://maven.apache.org/surefire/maven-surefire-plugin/xsd/surefire-test-report-3.0.xsd" version="3.0" name="com.example.catapi.CatControllerTest" time="5.931" tests="2" errors="0" skipped="0" failures="0">
  <properties>
[...]
</properties>
  <testcase name="testGetCatReturnsErrorResponseWhenServiceFails" classname="com.example.catapi.CatControllerTest" time="0.486">
    <system-out><![CDATA[11:11:12.968 [main] INFO org.springframework.test.context.support.AnnotationConfigContextLoaderUtils -- Could not detect default configuration classes for test class [com.example.catapi.CatControllerTest]: CatControllerTest does not declare any static, non-private, non-final, nested classes annotated with @Configuration.
11:11:13.266 [main] INFO org.springframework.boot.test.context.SpringBootTestContextBootstrapper -- Found @SpringBootConfiguration com.example.catapi.CatapiApplication for test class com.example.catapi.CatControllerTest

  .   ____          _            __ _ _
 /\\ / ___'_ __ _ _(_)_ __  __ _ \ \ \ \
( ( )\___ | '_ | '_| | '_ \/ _` | \ \ \ \
 \\/  ___)| |_)| | | | | || (_| |  ) ) ) )
  '  |____| .__|_| |_|_| |_\__, | / / / /
 =========|_|==============|___/=/_/_/_/
 :: Spring Boot ::                (v3.2.0)

2026-05-05T11:11:14.205+05:30  INFO 27412 --- [           main] com.example.catapi.CatControllerTest     : Starting CatControllerTest using Java 25.0.1 with PID 27412 (started by 2404030 in C:\Users\2404030\Downloads\PublicAPI)
2026-05-05T11:11:14.208+05:30  INFO 27412 --- [           main] com.example.catapi.CatControllerTest     : No active profile set, falling back to 1 default profile: "default"
2026-05-05T11:11:17.993+05:30  INFO 27412 --- [           main] o.s.b.t.m.w.SpringBootMockServletContext : Initializing Spring TestDispatcherServlet ''
2026-05-05T11:11:17.994+05:30  INFO 27412 --- [           main] o.s.t.web.servlet.TestDispatcherServlet  : Initializing Servlet ''
2026-05-05T11:11:17.998+05:30  INFO 27412 --- [           main] o.s.t.web.servlet.TestDispatcherServlet  : Completed initialization in 2 ms
2026-05-05T11:11:18.040+05:30  INFO 27412 --- [           main] com.example.catapi.CatControllerTest     : Started CatControllerTest in 4.62 seconds (process running for 6.738)
]]></system-out>
    <system-err><![CDATA[WARNING: A Java agent has been loaded dynamically (C:\Users\2404030\.m2\repository\net\bytebuddy\byte-buddy-agent\1.14.10\byte-buddy-agent-1.14.10.jar)
WARNING: If a serviceability tool is in use, please run with -XX:+EnableDynamicAgentLoading to hide this warning
WARNING: If a serviceability tool is not in use, please run with -Djdk.instrument.traceUsage for more information
WARNING: Dynamic loading of agents will be disallowed by default in a future release
]]></system-err>
  </testcase>
  <testcase name="testGetCat" classname="com.example.catapi.CatControllerTest" time="0.023"/>
</testsuite>